-------------------Public data-------------------

-------------------1. Метод ORB + Graph-based clustering-------------------
Найдено 456 изображений в папке `public_data/train`
Найдено 136 изображений в папке `public_data/test`
Количество групп: 52
Загрузка тренировочных изображений...
Группировка изображений с использованием ORB...
Совпавшие группы: 
{'000134.jpg', '000442.jpg'}
Точное совпадение групп: 0.019230769230769232
Частичное совпадение групп: 3.326923076923077
Время выполнения: 00:59 | в миллисекундах: 59.52573s (59525 ms)

-------------------Блок кластеризации с признаком ORB-------------------

-------------------2. Кластеризация с помощью K-Means и ORB (BoVW)-------------------
Количество групп: 52
Совпавшие группы: 
{'000123.jpg', '000436.jpg', '000357.jpg', '000147.jpg', '000350.jpg', '000450.jpg', '000077.jpg'}
{'000244.jpg', '000521.jpg'}
Точное совпадение групп: 0.038461538461538464
Частичное совпадение групп: 0.5961538461538461
Время выполнения: 00:34 | в миллисекундах: 34.63277s (34632 ms)

-------------------3. Кластеризация с помощью Agglomerative Clustering и ORB (BoVW)-------------------
Количество групп: 52
Совпавшие группы: 
{'000007.jpg', '000413.jpg', '000399.jpg', '000498.jpg', '000539.jpg', '000288.jpg', '000091.jpg', '000050.jpg', '000517.jpg', '000215.jpg', '000500.jpg', '000240.jpg', '000267.jpg', '000420.jpg', '000306.jpg', '000512.jpg'}
{'000123.jpg', '000436.jpg', '000357.jpg', '000147.jpg', '000350.jpg', '000450.jpg', '000077.jpg'}
{'000100.jpg', '000150.jpg', '000272.jpg', '000423.jpg', '000245.jpg'}
{'000244.jpg', '000521.jpg'}
Точное совпадение групп: 0.07692307692307693
Частичное совпадение групп: 0.5961538461538461
Время выполнения: 00:37 | в миллисекундах: 37.29362s (37293 ms)

-------------------4. Кластеризация с помощью Agglomerative Clustering (average linkage) и ORB (BoVW)-------------------
Количество групп: 52
Совпавшие группы: 
{'000123.jpg', '000436.jpg', '000357.jpg', '000147.jpg', '000350.jpg', '000450.jpg', '000077.jpg'}
{'000100.jpg', '000150.jpg', '000272.jpg', '000423.jpg', '000245.jpg'}
{'000244.jpg', '000521.jpg'}
Точное совпадение групп: 0.057692307692307696
Частичное совпадение групп: 0.7115384615384616
Время выполнения: 00:36 | в миллисекундах: 36.63525s (36635 ms)

-------------------Блок кластеризации с эмбеддингами ResNet-------------------
Используется устройство: cuda

-------------------5. Кластеризация с помощью K-Means и ResNet-------------------
Количество групп: 52
Совпавшие группы: 
{'000468.jpg', '000360.jpg', '000239.jpg', '000580.jpg', '000558.jpg', '000223.jpg', '000408.jpg', '000457.jpg', '000048.jpg', '000439.jpg', '000172.jpg', '000333.jpg', '000480.jpg', '000325.jpg'}
{'000007.jpg', '000413.jpg', '000399.jpg', '000498.jpg', '000539.jpg', '000288.jpg', '000091.jpg', '000050.jpg', '000517.jpg', '000215.jpg', '000500.jpg', '000240.jpg', '000267.jpg', '000420.jpg', '000306.jpg', '000512.jpg'}
{'000123.jpg', '000436.jpg', '000357.jpg', '000147.jpg', '000350.jpg', '000450.jpg', '000077.jpg'}
{'000365.jpg', '000218.jpg', '000318.jpg'}
{'000100.jpg', '000150.jpg', '000272.jpg', '000423.jpg', '000245.jpg'}
Точное совпадение групп: 0.09615384615384616
Частичное совпадение групп: 0.75
Время выполнения: 00:10 | в миллисекундах: 10.79726s (10797 ms)

-------------------6. Кластеризация с помощью K-Means и ORB + ResNet-------------------
Количество групп: 52
Совпавшие группы: 
Точное совпадение групп: 0.0
Частичное совпадение групп: 0.07692307692307693
Время выполнения: 00:17 | в миллисекундах: 17.57530s (17575 ms)

-------------------7. Кластеризация с помощью Agglomerative Clustering и ResNet-------------------
Количество групп: 52
Совпавшие группы: 
{'000468.jpg', '000360.jpg', '000239.jpg', '000580.jpg', '000558.jpg', '000223.jpg', '000408.jpg', '000457.jpg', '000048.jpg', '000439.jpg', '000172.jpg', '000333.jpg', '000480.jpg', '000325.jpg'}
{'000007.jpg', '000413.jpg', '000399.jpg', '000498.jpg', '000539.jpg', '000288.jpg', '000091.jpg', '000050.jpg', '000517.jpg', '000215.jpg', '000500.jpg', '000240.jpg', '000267.jpg', '000420.jpg', '000306.jpg', '000512.jpg'}
{'000123.jpg', '000436.jpg', '000357.jpg', '000147.jpg', '000350.jpg', '000450.jpg', '000077.jpg'}
{'000365.jpg', '000218.jpg', '000318.jpg'}
{'000100.jpg', '000150.jpg', '000272.jpg', '000423.jpg', '000245.jpg'}
Точное совпадение групп: 0.09615384615384616
Частичное совпадение групп: 0.75
Время выполнения: 00:07 | в миллисекундах: 7.88412s (7884 ms)

-------------------8. Кластеризация с помощью Agglomerative Clustering (average linkage) и ResNet-------------------
Количество групп: 52
Совпавшие группы: 
{'000100.jpg', '000150.jpg', '000272.jpg', '000423.jpg', '000245.jpg'}
Точное совпадение групп: 0.019230769230769232
Частичное совпадение групп: 0.7307692307692307
Время выполнения: 00:07 | в миллисекундах: 7.26284s (7262 ms)
