-------------------Private data-------------------
-------------------Метод Histogram-------------------
Найдено 827 изображений в папке `data/train`
Найдено 328 изображений в папке `data/test`
Расчет гистограмм для тренировочных изображений...
Расчет гистограмм для тестовых изображений...
Количество лишних изображений согласно предсказаниям: 156
Ответы успешно сохранены в файл: output/pred_orb_submission.csv
Список изображений успешно сохранен в файл: output/pred_orb_final.txt
Время выполнения: 00:11 | в миллисекундах: 11.81984s (11819 ms)
-------------------Метод ORB-------------------
Найдено 827 изображений в папке `data/train`
Найдено 328 изображений в папке `data/test`
Загрузка тренировочных изображений...
Загрузка тестовых изображений...
Количество лишних изображений согласно предсказаниям: 100
Ответы успешно сохранены в файл: output/pred_orb_submission.csv
Список изображений успешно сохранен в файл: output/pred_orb_final.txt
Время выполнения: 01:57 | в миллисекундах: 117.15128s (117151 ms)
-------------------ORB + ResNet50-------------------
Найдено 827 изображений в папке `data/train`
Найдено 328 изображений в папке `data/test`
Загрузка тренировочных изображений...
Загрузка тестовых изображений...
Количество лишних изображений согласно предсказаниям: 100
Создание эмбеддингов для тренировочных изображений...
Создание эмбеддингов для тестовых изображений...
Количество лишних изображений согласно предсказаниям: 26
Ответы успешно сохранены в файл: output/pred_orb_resnet_submission.csv
Список изображений успешно сохранен в файл: output/pred_orb_resnet_final.txt
Время выполнения: 02:28 | в миллисекундах: 148.17498s (148174 ms)
