-------------------Public data-------------------
Найдено 456 изображений в папке `public_data/train`
Найдено 136 изображений в папке `public_data/test`
Количество лишних изображений в оригинальной разметке: 59
-------------------Метод pHash (Perceptual Hash)-------------------
Количество лишних изображений согласно предсказаниям: 37
Время выполнения: 00:06
        Presicion: 1.0000
        Recall: 0.6271
        F1-score: 0.7708
Список изображений успешно сохранен в файл: output/pred_cached_pHash.txt
-------------------Метод dHash (Difference Hash)-------------------
Количество лишних изображений согласно предсказаниям: 40
Время выполнения: 00:08
        Presicion: 0.9750
        Recall: 0.6610
        F1-score: 0.7879
Список изображений успешно сохранен в файл: output/pred_cached_dHash.txt
-------------------Метод Fast dHash-------------------
Количество лишних изображений согласно предсказаниям: 48
Время выполнения: 00:07
        Presicion: 0.8958
        Recall: 0.7288
        F1-score: 0.8037
Список изображений успешно сохранен в файл: output/pred_cached_fast_dHash.txt
-------------------Метод SSIM-------------------
Загрузка тренировочных изображений...
Загрузка тестовых изображений...
Количество лишних изображений согласно предсказаниям: 42
Время выполнения: 01:11
        Presicion: 0.7619
        Recall: 0.5424
        F1-score: 0.6337
Список изображений успешно сохранен в файл: output/pred_ssim.txt
-------------------Метод Histogram-------------------
Расчет гистограмм для тренировочных изображений...
Расчет гистограмм для тестовых изображений...
Количество лишних изображений согласно предсказаниям: 62
Время выполнения: 00:00
        Presicion: 0.8548
        Recall: 0.8983
        F1-score: 0.8760
Список изображений успешно сохранен в файл: output/pred_histogram.txt
-------------------Метод ORB-------------------
Загрузка тренировочных изображений...
Загрузка тестовых изображений...
Количество лишних изображений согласно предсказаниям: 51
Время выполнения: 00:25
        Presicion: 1.0000
        Recall: 0.8644
        F1-score: 0.9273
Список изображений успешно сохранен в файл: output/pred_orb.txt
-------------------Метод SIFT-------------------
Загрузка дескрипторов SIFT для тренировочных изображений...
Загрузка дескрипторов SIFT для тестовых изображений...
Количество лишних изображений согласно предсказаниям: 136
Время выполнения: 04:41
        Presicion: 0.4338
        Recall: 1.0000
        F1-score: 0.6051
Список изображений успешно сохранен в файл: output/pred_sift.txt
------------------ResNet50-------------------
Создание эмбеддингов для тренировочных изображений...
Создание эмбеддингов для тестовых изображений...
Количество лишних изображений согласно предсказаниям: 69
Время выполнения: 00:00
        Presicion: 0.8261
        Recall: 0.9661
        F1-score: 0.8906
Список изображений успешно сохранен в файл: output/pred_resnet50.txt
------------------EfficientNet-B4-------------------
Создание эмбеддингов для тренировочных изображений...
Создание эмбеддингов для тестовых изображений...
Количество лишних изображений согласно предсказаниям: 33
Время выполнения: 00:00
        Presicion: 1.0000
        Recall: 0.5593
        F1-score: 0.7174
Список изображений успешно сохранен в файл: output/pred_efficientnet_b4.txt
------------------ConvNeXt-Tiny-------------------
Создание эмбеддингов для тренировочных изображений...
Создание эмбеддингов для тестовых изображений...
Количество лишних изображений согласно предсказаниям: 76
Время выполнения: 00:00
        Presicion: 0.7237
        Recall: 0.9322
        F1-score: 0.8148
Список изображений успешно сохранен в файл: output/pred_convnext_tiny.txt
-------------------Комбинации методов-------------------
-------------------Методы FAST_DHASH + HIST + ORB-------------------
        Presicion: 0.8056
        Recall: 0.9831
        F1-score: 0.8855
-------------------Методы HIST + ORB-------------------
        Presicion: 0.8657
        Recall: 0.9831
        F1-score: 0.9206
-------------------Методы FAST_DHASH + ORB-------------------
        Presicion: 0.9107
        Recall: 0.8644
        F1-score: 0.8870
-------------------Методы ORB + ResNet-------------------
        Presicion: 0.8261
        Recall: 0.9661
        F1-score: 0.8906
-------------------Методы HIST + ORB + ResNet-------------------
        Presicion: 0.7436
        Recall: 0.9831
        F1-score: 0.8467
-------------------Методы ORB --> ResNet-------------------
------------------ResNet50-------------------
Создание эмбеддингов для тренировочных изображений...
Создание эмбеддингов для тестовых изображений...
Количество лишних изображений согласно предсказаниям: 4
Время выполнения: 00:00
        Presicion: 1.0000
        Recall: 0.9322
        F1-score: 0.9649
Список изображений успешно сохранен в файл: output/pred_orb_resnet50.txt
